Analysis & Synthesis report for lab1
Wed Mar 14 16:46:00 2018
Quartus II 64-Bit Version 15.0.0 Build 145 04/22/2015 SJ Full Version


---------------------
; Table of Contents ;
---------------------
  1. Legal Notice
  2. Analysis & Synthesis Summary
  3. Analysis & Synthesis Settings
  4. Parallel Compilation
  5. Analysis & Synthesis Messages



----------------
; Legal Notice ;
----------------
Copyright (C) 1991-2015 Altera Corporation. All rights reserved.
Your use of Altera Corporation's design tools, logic functions 
and other software and tools, and its AMPP partner logic 
functions, and any output files from any of the foregoing 
(including device programming or simulation files), and any 
associated documentation or information are expressly subject 
to the terms and conditions of the Altera Program License 
Subscription Agreement, the Altera Quartus II License Agreement,
the Altera MegaCore Function License Agreement, or other 
applicable license agreement, including, without limitation, 
that your use is for the sole purpose of programming logic 
devices manufactured by Altera and sold by Altera or its 
authorized distributors.  Please refer to the applicable 
agreement for further details.



+----------------------------------------------------------------------------------+
; Analysis & Synthesis Summary                                                     ;
+------------------------------------+---------------------------------------------+
; Analysis & Synthesis Status        ; Failed - Wed Mar 14 16:46:00 2018           ;
; Quartus II 64-Bit Version          ; 15.0.0 Build 145 04/22/2015 SJ Full Version ;
; Revision Name                      ; lab1                                        ;
; Top-level Entity Name              ; DE2_115                                     ;
; Family                             ; Cyclone IV E                                ;
; Total logic elements               ; N/A until Partition Merge                   ;
;     Total combinational functions  ; N/A until Partition Merge                   ;
;     Dedicated logic registers      ; N/A until Partition Merge                   ;
; Total registers                    ; N/A until Partition Merge                   ;
; Total pins                         ; N/A until Partition Merge                   ;
; Total virtual pins                 ; N/A until Partition Merge                   ;
; Total memory bits                  ; N/A until Partition Merge                   ;
; Embedded Multiplier 9-bit elements ; N/A until Partition Merge                   ;
; Total PLLs                         ; N/A until Partition Merge                   ;
+------------------------------------+---------------------------------------------+


+----------------------------------------------------------------------------------------------------------------------+
; Analysis & Synthesis Settings                                                                                        ;
+----------------------------------------------------------------------------+--------------------+--------------------+
; Option                                                                     ; Setting            ; Default Value      ;
+----------------------------------------------------------------------------+--------------------+--------------------+
; Device                                                                     ; EP4CE115F29C7      ;                    ;
; Top-level entity name                                                      ; DE2_115            ; lab1               ;
; Family name                                                                ; Cyclone IV E       ; Cyclone V          ;
; Use smart compilation                                                      ; Off                ; Off                ;
; Enable parallel Assembler and TimeQuest Timing Analyzer during compilation ; On                 ; On                 ;
; Enable compact report table                                                ; Off                ; Off                ;
; Restructure Multiplexers                                                   ; Auto               ; Auto               ;
; Create Debugging Nodes for IP Cores                                        ; Off                ; Off                ;
; Preserve fewer node names                                                  ; On                 ; On                 ;
; Disable OpenCore Plus hardware evaluation                                  ; Off                ; Off                ;
; Verilog Version                                                            ; Verilog_2001       ; Verilog_2001       ;
; VHDL Version                                                               ; VHDL_1993          ; VHDL_1993          ;
; State Machine Processing                                                   ; Auto               ; Auto               ;
; Safe State Machine                                                         ; Off                ; Off                ;
; Extract Verilog State Machines                                             ; On                 ; On                 ;
; Extract VHDL State Machines                                                ; On                 ; On                 ;
; Ignore Verilog initial constructs                                          ; Off                ; Off                ;
; Iteration limit for constant Verilog loops                                 ; 5000               ; 5000               ;
; Iteration limit for non-constant Verilog loops                             ; 250                ; 250                ;
; Add Pass-Through Logic to Inferred RAMs                                    ; On                 ; On                 ;
; Infer RAMs from Raw Logic                                                  ; On                 ; On                 ;
; Parallel Synthesis                                                         ; On                 ; On                 ;
; DSP Block Balancing                                                        ; Auto               ; Auto               ;
; NOT Gate Push-Back                                                         ; On                 ; On                 ;
; Power-Up Don't Care                                                        ; On                 ; On                 ;
; Remove Redundant Logic Cells                                               ; Off                ; Off                ;
; Remove Duplicate Registers                                                 ; On                 ; On                 ;
; Ignore CARRY Buffers                                                       ; Off                ; Off                ;
; Ignore CASCADE Buffers                                                     ; Off                ; Off                ;
; Ignore GLOBAL Buffers                                                      ; Off                ; Off                ;
; Ignore ROW GLOBAL Buffers                                                  ; Off                ; Off                ;
; Ignore LCELL Buffers                                                       ; Off                ; Off                ;
; Ignore SOFT Buffers                                                        ; On                 ; On                 ;
; Limit AHDL Integers to 32 Bits                                             ; Off                ; Off                ;
; Optimization Technique                                                     ; Balanced           ; Balanced           ;
; Carry Chain Length                                                         ; 70                 ; 70                 ;
; Auto Carry Chains                                                          ; On                 ; On                 ;
; Auto Open-Drain Pins                                                       ; On                 ; On                 ;
; Perform WYSIWYG Primitive Resynthesis                                      ; Off                ; Off                ;
; Auto ROM Replacement                                                       ; On                 ; On                 ;
; Auto RAM Replacement                                                       ; On                 ; On                 ;
; Auto DSP Block Replacement                                                 ; On                 ; On                 ;
; Auto Shift Register Replacement                                            ; Auto               ; Auto               ;
; Allow Shift Register Merging across Hierarchies                            ; Auto               ; Auto               ;
; Auto Clock Enable Replacement                                              ; On                 ; On                 ;
; Strict RAM Replacement                                                     ; Off                ; Off                ;
; Allow Synchronous Control Signals                                          ; On                 ; On                 ;
; Force Use of Synchronous Clear Signals                                     ; Off                ; Off                ;
; Auto RAM Block Balancing                                                   ; On                 ; On                 ;
; Auto RAM to Logic Cell Conversion                                          ; Off                ; Off                ;
; Auto Resource Sharing                                                      ; Off                ; Off                ;
; Allow Any RAM Size For Recognition                                         ; Off                ; Off                ;
; Allow Any ROM Size For Recognition                                         ; Off                ; Off                ;
; Allow Any Shift Register Size For Recognition                              ; Off                ; Off                ;
; Use LogicLock Constraints during Resource Balancing                        ; On                 ; On                 ;
; Ignore translate_off and synthesis_off directives                          ; Off                ; Off                ;
; Timing-Driven Synthesis                                                    ; On                 ; On                 ;
; Report Parameter Settings                                                  ; On                 ; On                 ;
; Report Source Assignments                                                  ; On                 ; On                 ;
; Report Connectivity Checks                                                 ; On                 ; On                 ;
; Ignore Maximum Fan-Out Assignments                                         ; Off                ; Off                ;
; Synchronization Register Chain Length                                      ; 2                  ; 2                  ;
; PowerPlay Power Optimization During Synthesis                              ; Normal compilation ; Normal compilation ;
; HDL message level                                                          ; Level2             ; Level2             ;
; Suppress Register Optimization Related Messages                            ; Off                ; Off                ;
; Number of Removed Registers Reported in Synthesis Report                   ; 5000               ; 5000               ;
; Number of Swept Nodes Reported in Synthesis Report                         ; 5000               ; 5000               ;
; Number of Inverted Registers Reported in Synthesis Report                  ; 100                ; 100                ;
; Clock MUX Protection                                                       ; On                 ; On                 ;
; Auto Gated Clock Conversion                                                ; Off                ; Off                ;
; Block Design Naming                                                        ; Auto               ; Auto               ;
; SDC constraint protection                                                  ; Off                ; Off                ;
; Synthesis Effort                                                           ; Auto               ; Auto               ;
; Shift Register Replacement - Allow Asynchronous Clear Signal               ; On                 ; On                 ;
; Pre-Mapping Resynthesis Optimization                                       ; Off                ; Off                ;
; Analysis & Synthesis Message Level                                         ; Medium             ; Medium             ;
; Disable Register Merging Across Hierarchies                                ; Auto               ; Auto               ;
; Resource Aware Inference For Block RAM                                     ; On                 ; On                 ;
; Synthesis Seed                                                             ; 1                  ; 1                  ;
+----------------------------------------------------------------------------+--------------------+--------------------+


+------------------------------------------+
; Parallel Compilation                     ;
+----------------------------+-------------+
; Processors                 ; Number      ;
+----------------------------+-------------+
; Number detected on machine ; 8           ;
; Maximum allowed            ; 4           ;
;                            ;             ;
; Average used               ; 1.00        ;
; Maximum used               ; 1           ;
;                            ;             ;
; Usage by Processor         ; % Time Used ;
;     Processor 1            ; 100.0%      ;
;     Processors 2-8         ;   0.0%      ;
+----------------------------+-------------+


+-------------------------------+
; Analysis & Synthesis Messages ;
+-------------------------------+
Info: *******************************************************************
Info: Running Quartus II 64-Bit Analysis & Synthesis
    Info: Version 15.0.0 Build 145 04/22/2015 SJ Full Version
    Info: Processing started: Wed Mar 14 16:45:51 2018
Info: Command: quartus_map --read_settings_files=on --write_settings_files=off lab1 -c lab1
Info (11104): Parallel Compilation has detected 8 hyper-threaded processors. However, the extra hyper-threaded processors will not be used by default. Parallel Compilation will use 4 of the 4 physical processors detected instead.
Info (12021): Found 0 design units, including 0 entities, in source file clksrc_bb.v
Info (12021): Found 1 design units, including 1 entities, in source file src/top.sv
    Info (12023): Found entity 1: Top
Info (12021): Found 1 design units, including 1 entities, in source file src/de2_115/sevenhexdecoder.sv
    Info (12023): Found entity 1: SevenHexDecoder
Info (12021): Found 1 design units, including 1 entities, in source file src/de2_115/debounce.sv
    Info (12023): Found entity 1: Debounce
Info (12021): Found 1 design units, including 1 entities, in source file src/de2_115/de2_115.sv
    Info (12023): Found entity 1: DE2_115
Info (12021): Found 1 design units, including 1 entities, in source file clksrc.v
    Info (12023): Found entity 1: clksrc
Info (12127): Elaborating entity "DE2_115" for the top level hierarchy
Warning (10034): Output port "LEDG" at DE2_115.sv(8) has no driver
Warning (10034): Output port "LEDR" at DE2_115.sv(9) has no driver
Warning (10034): Output port "VGA_B" at DE2_115.sv(38) has no driver
Warning (10034): Output port "VGA_G" at DE2_115.sv(41) has no driver
Warning (10034): Output port "VGA_R" at DE2_115.sv(43) has no driver
Warning (10034): Output port "ENET0_TX_DATA" at DE2_115.sv(68) has no driver
Warning (10034): Output port "ENET1_TX_DATA" at DE2_115.sv(84) has no driver
Warning (10034): Output port "OTG_ADDR" at DE2_115.sv(94) has no driver
Warning (10034): Output port "DRAM_ADDR" at DE2_115.sv(101) has no driver
Warning (10034): Output port "DRAM_BA" at DE2_115.sv(102) has no driver
Warning (10034): Output port "DRAM_DQM" at DE2_115.sv(108) has no driver
Warning (10034): Output port "SRAM_ADDR" at DE2_115.sv(111) has no driver
Warning (10034): Output port "FL_ADDR" at DE2_115.sv(118) has no driver
Warning (10034): Output port "HSMC_TX_D_P" at DE2_115.sv(135) has no driver
Warning (10034): Output port "SMA_CLKOUT" at DE2_115.sv(7) has no driver
Warning (10034): Output port "LCD_BLON" at DE2_115.sv(20) has no driver
Warning (10034): Output port "LCD_EN" at DE2_115.sv(22) has no driver
Warning (10034): Output port "LCD_ON" at DE2_115.sv(23) has no driver
Warning (10034): Output port "LCD_RS" at DE2_115.sv(24) has no driver
Warning (10034): Output port "LCD_RW" at DE2_115.sv(25) has no driver
Warning (10034): Output port "UART_CTS" at DE2_115.sv(26) has no driver
Warning (10034): Output port "UART_TXD" at DE2_115.sv(29) has no driver
Warning (10034): Output port "SD_CLK" at DE2_115.sv(34) has no driver
Warning (10034): Output port "VGA_BLANK_N" at DE2_115.sv(39) has no driver
Warning (10034): Output port "VGA_CLK" at DE2_115.sv(40) has no driver
Warning (10034): Output port "VGA_HS" at DE2_115.sv(42) has no driver
Warning (10034): Output port "VGA_SYNC_N" at DE2_115.sv(44) has no driver
Warning (10034): Output port "VGA_VS" at DE2_115.sv(45) has no driver
Warning (10034): Output port "AUD_DACDAT" at DE2_115.sv(49) has no driver
Warning (10034): Output port "AUD_XCK" at DE2_115.sv(51) has no driver
Warning (10034): Output port "EEP_I2C_SCLK" at DE2_115.sv(52) has no driver
Warning (10034): Output port "I2C_SCLK" at DE2_115.sv(54) has no driver
Warning (10034): Output port "ENET0_GTX_CLK" at DE2_115.sv(56) has no driver
Warning (10034): Output port "ENET0_MDC" at DE2_115.sv(58) has no driver
Warning (10034): Output port "ENET0_RST_N" at DE2_115.sv(60) has no driver
Warning (10034): Output port "ENET0_TX_EN" at DE2_115.sv(69) has no driver
Warning (10034): Output port "ENET0_TX_ER" at DE2_115.sv(70) has no driver
Warning (10034): Output port "ENET1_GTX_CLK" at DE2_115.sv(72) has no driver
Warning (10034): Output port "ENET1_MDC" at DE2_115.sv(74) has no driver
Warning (10034): Output port "ENET1_RST_N" at DE2_115.sv(76) has no driver
Warning (10034): Output port "ENET1_TX_EN" at DE2_115.sv(85) has no driver
Warning (10034): Output port "ENET1_TX_ER" at DE2_115.sv(86) has no driver
Warning (10034): Output port "TD_RESET_N" at DE2_115.sv(91) has no driver
Warning (10034): Output port "OTG_CS_N" at DE2_115.sv(95) has no driver
Warning (10034): Output port "OTG_WR_N" at DE2_115.sv(96) has no driver
Warning (10034): Output port "OTG_RD_N" at DE2_115.sv(97) has no driver
Warning (10034): Output port "OTG_RST_N" at DE2_115.sv(99) has no driver
Warning (10034): Output port "DRAM_CAS_N" at DE2_115.sv(103) has no driver
Warning (10034): Output port "DRAM_CKE" at DE2_115.sv(104) has no driver
Warning (10034): Output port "DRAM_CLK" at DE2_115.sv(105) has no driver
Warning (10034): Output port "DRAM_CS_N" at DE2_115.sv(106) has no driver
Warning (10034): Output port "DRAM_RAS_N" at DE2_115.sv(109) has no driver
Warning (10034): Output port "DRAM_WE_N" at DE2_115.sv(110) has no driver
Warning (10034): Output port "SRAM_CE_N" at DE2_115.sv(112) has no driver
Warning (10034): Output port "SRAM_LB_N" at DE2_115.sv(114) has no driver
Warning (10034): Output port "SRAM_OE_N" at DE2_115.sv(115) has no driver
Warning (10034): Output port "SRAM_UB_N" at DE2_115.sv(116) has no driver
Warning (10034): Output port "SRAM_WE_N" at DE2_115.sv(117) has no driver
Warning (10034): Output port "FL_CE_N" at DE2_115.sv(119) has no driver
Warning (10034): Output port "FL_OE_N" at DE2_115.sv(121) has no driver
Warning (10034): Output port "FL_RST_N" at DE2_115.sv(122) has no driver
Warning (10034): Output port "FL_WE_N" at DE2_115.sv(124) has no driver
Warning (10034): Output port "FL_WP_N" at DE2_115.sv(125) has no driver
Warning (10034): Output port "HSMC_CLKOUT_P1" at DE2_115.sv(130) has no driver
Warning (10034): Output port "HSMC_CLKOUT_P2" at DE2_115.sv(131) has no driver
Warning (10034): Output port "HSMC_CLKOUT0" at DE2_115.sv(132) has no driver
Info (12128): Elaborating entity "Debounce" for hierarchy "Debounce:deb0"
Warning (10230): Verilog HDL assignment warning at Debounce.sv(22): truncated value with size 32 to match size of target (3)
Warning (10230): Verilog HDL assignment warning at Debounce.sv(24): truncated value with size 32 to match size of target (3)
Info (12128): Elaborating entity "Top" for hierarchy "Top:top0"
Warning (10230): Verilog HDL assignment warning at Top.sv(51): truncated value with size 32 to match size of target (4)
Warning (10762): Verilog HDL Case Statement warning at Top.sv(35): can't check case statement for completeness because the case expression has too many possible states
Warning (10230): Verilog HDL assignment warning at Top.sv(74): truncated value with size 32 to match size of target (4)
Error (10174): Verilog HDL Unsupported Feature error at Top.sv(86): system function "$urandom" is not supported for synthesis File: C:/Users/team05/Desktop/dclab/lab1/src/Top.sv Line: 86
Warning (10240): Verilog HDL Always Construct warning at Top.sv(81): inferring latch(es) for variable "state_r", which holds its previous value in one or more paths through the always construct
Warning (10240): Verilog HDL Always Construct warning at Top.sv(81): inferring latch(es) for variable "random_r", which holds its previous value in one or more paths through the always construct
Warning (10240): Verilog HDL Always Construct warning at Top.sv(81): inferring latch(es) for variable "counter_r", which holds its previous value in one or more paths through the always construct
Error (12152): Can't elaborate user hierarchy "Top:top0" File: C:/Users/team05/Desktop/dclab/lab1/src/DE2_115/DE2_115.sv Line: 151
Error: Quartus II 64-Bit Analysis & Synthesis was unsuccessful. 2 errors, 74 warnings
    Error: Peak virtual memory: 718 megabytes
    Error: Processing ended: Wed Mar 14 16:46:00 2018
    Error: Elapsed time: 00:00:09
    Error: Total CPU time (on all processors): 00:00:19


